<?xml version="1.0" encoding="UTF-8"?>
<!-- Generated by org.testng.reporters.JUnitReportReporter -->
<testsuite hostname="Musthaq-PC" failures="0" tests="6" name="testrunner.CucumberRunner" time="36.055" errors="0" timestamp="2025-03-23T19:37:54 IST" skipped="0">
  <testcase classname="testrunner.CucumberRunner" name="runScenario" time="5.645"/>
  <testcase classname="testrunner.CucumberRunner" name="runScenario" time="8.187"/>
  <testcase classname="testrunner.CucumberRunner" name="runScenario" time="5.613"/>
  <testcase classname="testrunner.CucumberRunner" name="runScenario" time="5.489"/>
  <testcase classname="testrunner.CucumberRunner" name="runScenario" time="5.501"/>
  <testcase classname="testrunner.CucumberRunner" name="runScenario" time="5.620"/>
</testsuite> <!-- testrunner.CucumberRunner -->
