<?xml version="1.0" encoding="UTF-8"?>
<!-- Generated by org.testng.reporters.JUnitReportReporter -->
<testsuite hostname="Musthaq-PC" failures="0" tests="6" name="testrunner.CucumberRunner" time="18.022" errors="0" timestamp="2025-03-23T23:59:20 IST" skipped="0">
  <testcase classname="testrunner.CucumberRunner" name="runScenario" time="2.551"/>
  <testcase classname="testrunner.CucumberRunner" name="runScenario" time="2.569"/>
  <testcase classname="testrunner.CucumberRunner" name="runScenario" time="2.634"/>
  <testcase classname="testrunner.CucumberRunner" name="runScenario" time="5.131"/>
  <testcase classname="testrunner.CucumberRunner" name="runScenario" time="2.546"/>
  <testcase classname="testrunner.CucumberRunner" name="runScenario" time="2.591"/>
</testsuite> <!-- testrunner.CucumberRunner -->
