<?xml version="1.0" encoding="UTF-8"?>
<!-- Generated by org.testng.reporters.JUnitReportReporter -->
<testsuite hostname="Musthaq-PC" failures="0" tests="6" name="testrunner.CucumberRunner" time="33.457" errors="0" timestamp="2025-03-23T16:39:43 IST" skipped="0">
  <testcase classname="testrunner.CucumberRunner" name="runScenario" time="5.555"/>
  <testcase classname="testrunner.CucumberRunner" name="runScenario" time="5.620"/>
  <testcase classname="testrunner.CucumberRunner" name="runScenario" time="6.009"/>
  <testcase classname="testrunner.CucumberRunner" name="runScenario" time="5.172"/>
  <testcase classname="testrunner.CucumberRunner" name="runScenario" time="5.694"/>
  <testcase classname="testrunner.CucumberRunner" name="runScenario" time="5.407"/>
</testsuite> <!-- testrunner.CucumberRunner -->
