<?xml version="1.0" encoding="UTF-8"?>
<!-- Generated by org.testng.reporters.JUnitReportReporter -->
<testsuite hostname="Musthaq-PC" failures="0" tests="6" name="testrunner.CucumberRunner" time="17.969" errors="0" timestamp="2025-03-23T23:51:36 IST" skipped="0">
  <testcase classname="testrunner.CucumberRunner" name="runScenario" time="2.460"/>
  <testcase classname="testrunner.CucumberRunner" name="runScenario" time="5.955"/>
  <testcase classname="testrunner.CucumberRunner" name="runScenario" time="2.238"/>
  <testcase classname="testrunner.CucumberRunner" name="runScenario" time="2.367"/>
  <testcase classname="testrunner.CucumberRunner" name="runScenario" time="2.669"/>
  <testcase classname="testrunner.CucumberRunner" name="runScenario" time="2.280"/>
</testsuite> <!-- testrunner.CucumberRunner -->
